
WARNING: apt does not have a stable CLI interface. Use with caution in scripts.

Reading package lists...
Building dependency tree...
Reading state information...
libmysqlclient-dev is already the newest version (8.0.33-0ubuntu0.20.04.2).
mysql-server is already the newest version (8.0.33-0ubuntu0.20.04.2).
nginx is already the newest version (1.18.0-0ubuntu1.4).
python3-pip is already the newest version (20.0.2-5ubuntu1.8).
0 upgraded, 0 newly installed, 0 to remove and 56 not upgraded.
Requirement already satisfied: virtualenv in /usr/local/lib/python3.8/dist-packages (20.16.5)
Requirement already satisfied: platformdirs<3,>=2.4 in /usr/local/lib/python3.8/dist-packages (from virtualenv) (2.5.2)
Requirement already satisfied: filelock<4,>=3.4.1 in /usr/local/lib/python3.8/dist-packages (from virtualenv) (3.8.0)
Requirement already satisfied: distlib<1,>=0.3.5 in /usr/local/lib/python3.8/dist-packages (from virtualenv) (0.3.6)
created virtual environment CPython3.8.10.final.0-64 in 790ms
  creator CPython3Posix(dest=/var/www/graduate/env, clear=False, no_vcs_ignore=False, global=False)
  seeder FromAppData(download=False, pip=bundle, setuptools=bundle, wheel=bundle, via=copy, app_data_dir=/root/.local/share/virtualenv)
    added seed packages: pip==23.0.1, setuptools==67.3.3, wheel==0.38.4
  activators BashActivator,CShellActivator,FishActivator,NushellActivator,PowerShellActivator,PythonActivator
Collecting gunicorn
  Using cached gunicorn-20.1.0-py3-none-any.whl (79 kB)
Collecting django
  Downloading Django-4.2.2-py3-none-any.whl (8.0 MB)
     ━━━━━━━━━━━━━━━━━━━━━━━━━━━━━━━━━━━━━━━━ 8.0/8.0 MB 5.4 MB/s eta 0:00:00
Collecting mysqlclient
  Using cached mysqlclient-2.1.1-cp38-cp38-linux_x86_64.whl
Requirement already satisfied: setuptools>=3.0 in /var/www/graduate/env/lib/python3.8/site-packages (from gunicorn) (67.3.3)
Collecting backports.zoneinfo
  Using cached backports.zoneinfo-0.2.1-cp38-cp38-manylinux1_x86_64.whl (74 kB)
Collecting asgiref<4,>=3.6.0
  Downloading asgiref-3.7.2-py3-none-any.whl (24 kB)
Collecting sqlparse>=0.3.1
  Downloading sqlparse-0.4.4-py3-none-any.whl (41 kB)
     ━━━━━━━━━━━━━━━━━━━━━━━━━━━━━━━━━━━━━━━━ 41.2/41.2 kB 3.2 MB/s eta 0:00:00
Collecting typing-extensions>=4
  Downloading typing_extensions-4.6.3-py3-none-any.whl (31 kB)
Installing collected packages: typing-extensions, sqlparse, mysqlclient, gunicorn, backports.zoneinfo, asgiref, django
Successfully installed asgiref-3.7.2 backports.zoneinfo-0.2.1 django-4.2.2 gunicorn-20.1.0 mysqlclient-2.1.1 sqlparse-0.4.4 typing-extensions-4.6.3

125 static files copied to '/var/www/graduate/static'.
